2026-06-05 13:56:16 | services | INFO | Поиск транзакций по запросу: 'магазин'
2026-06-05 13:56:16 | services | INFO | Найдено 1 транзакций
2026-06-05 13:56:16 | services | INFO | Поиск транзакций по запросу: ''
2026-06-05 13:56:16 | services | INFO | Поиск транзакций с номерами телефонов
2026-06-05 13:56:16 | services | INFO | Найдено 0 транзакций с номерами телефонов
2026-06-05 13:56:55 | services | INFO | Поиск транзакций по запросу: 'магазин'
2026-06-05 13:56:55 | services | INFO | Найдено 1 транзакций
2026-06-05 13:56:55 | services | INFO | Поиск транзакций по запросу: ''
2026-06-05 13:56:55 | services | INFO | Поиск транзакций с номерами телефонов
2026-06-05 13:56:55 | services | INFO | Найдено 0 транзакций с номерами телефонов
2026-06-05 13:58:49 | services | INFO | Поиск транзакций с номерами телефонов
2026-06-05 13:58:49 | services | DEBUG | Найдена транзакция с телефоном: МТС +7 921 11-22-33
2026-06-05 13:58:49 | services | INFO | Найдено 1 транзакций с номерами телефонов
2026-06-05 13:58:55 | services | INFO | Поиск транзакций по запросу: 'магазин'
2026-06-05 13:58:55 | services | INFO | Найдено 1 транзакций
2026-06-05 13:58:55 | services | INFO | Поиск транзакций по запросу: ''
2026-06-05 13:58:55 | services | INFO | Поиск транзакций с номерами телефонов
2026-06-05 13:58:55 | services | DEBUG | Найдена транзакция с телефоном: МТС +7 921 11-22-33
2026-06-05 13:58:55 | services | INFO | Найдено 1 транзакций с номерами телефонов
2026-06-05 13:59:03 | services | INFO | Поиск транзакций по запросу: 'магазин'
2026-06-05 13:59:03 | services | INFO | Найдено 1 транзакций
2026-06-05 13:59:03 | services | INFO | Поиск транзакций по запросу: ''
2026-06-05 13:59:03 | services | INFO | Поиск транзакций с номерами телефонов
2026-06-05 13:59:03 | services | DEBUG | Найдена транзакция с телефоном: МТС +7 921 11-22-33
2026-06-05 13:59:03 | services | INFO | Найдено 1 транзакций с номерами телефонов
2026-06-05 13:59:37 | services | INFO | Поиск переводов физическим лицам
2026-06-05 13:59:37 | services | DEBUG | Найден перевод физлицу: Перевод Валерий А.
2026-06-05 13:59:37 | services | INFO | Найдено 1 переводов физическим лицам
2026-06-05 13:59:38 | services | INFO | Поиск транзакций по запросу: 'магазин'
2026-06-05 13:59:38 | services | INFO | Найдено 1 транзакций
2026-06-05 13:59:38 | services | INFO | Поиск транзакций по запросу: ''
2026-06-05 13:59:38 | services | INFO | Поиск транзакций с номерами телефонов
2026-06-05 13:59:38 | services | DEBUG | Найдена транзакция с телефоном: МТС +7 921 11-22-33
2026-06-05 13:59:38 | services | INFO | Найдено 1 транзакций с номерами телефонов
2026-06-05 14:00:07 | services | INFO | Поиск переводов физическим лицам
2026-06-05 14:00:07 | services | DEBUG | Найден перевод физлицу: Перевод Валерий А.
2026-06-05 14:00:07 | services | INFO | Найдено 1 переводов физическим лицам
2026-06-05 14:00:07 | services | INFO | Поиск транзакций по запросу: 'магазин'
2026-06-05 14:00:07 | services | INFO | Найдено 1 транзакций
2026-06-05 14:00:07 | services | INFO | Поиск транзакций по запросу: ''
2026-06-05 14:00:07 | services | INFO | Поиск транзакций с номерами телефонов
2026-06-05 14:00:07 | services | DEBUG | Найдена транзакция с телефоном: МТС +7 921 11-22-33
2026-06-05 14:00:07 | services | INFO | Найдено 1 транзакций с номерами телефонов
2026-06-05 14:01:46 | services | INFO | Поиск переводов физическим лицам
2026-06-05 14:01:46 | services | DEBUG | Найден перевод физлицу: Перевод Валерий А.
2026-06-05 14:01:46 | services | INFO | Найдено 1 переводов физическим лицам
2026-06-05 14:01:46 | services | INFO | Поиск транзакций по запросу: 'магазин'
2026-06-05 14:01:46 | services | INFO | Найдено 1 транзакций
2026-06-05 14:01:46 | services | INFO | Поиск транзакций по запросу: ''
2026-06-05 14:01:46 | services | INFO | Поиск транзакций с номерами телефонов
2026-06-05 14:01:46 | services | DEBUG | Найдена транзакция с телефоном: МТС +7 921 11-22-33
2026-06-05 14:01:46 | services | INFO | Найдено 1 транзакций с номерами телефонов
